# JRE version: OpenJDK Runtime Environment (8.0_312-b07) (build 1.8.0_312-8u312-b07-0ubuntu1~20.04-b07)
# Java VM: OpenJDK 64-Bit Server VM (25.312-b07 mixed mode linux-amd64 compressed oops)
Heap:
 PSYoungGen      total 11264K, used 9772K [0x0000000787500000, 0x0000000788580000, 0x00000007c0000000)
  eden space 7168K, 82% used [0x0000000787500000,0x0000000787ac77c8,0x0000000787c00000)
  from space 4096K, 94% used [0x0000000788080000,0x0000000788443a70,0x0000000788480000)
  to   space 4608K, 0% used [0x0000000787c00000,0x0000000787c00000,0x0000000788080000)
 ParOldGen       total 25600K, used 8401K [0x0000000715e00000, 0x0000000717700000, 0x0000000787500000)
  object space 25600K, 32% used [0x0000000715e00000,0x00000007166347c8,0x0000000717700000)
 Metaspace       used 16700K, capacity 17004K, committed 17280K, reserved 1064960K
  class space    used 1802K, capacity 1890K, committed 1920K, reserved 1048576K
GC Heap History (10 events):
Event: 2443.877 GC heap before
{Heap before GC invocations=4369 (full 59):
 PSYoungGen      total 9216K, used 8542K [0x0000000787500000, 0x0000000788400000, 0x00000007c0000000)
  eden space 5120K, 91% used [0x0000000787500000,0x0000000787993da8,0x0000000787a00000)
  from space 4096K, 94% used [0x0000000787a00000,0x0000000787dc3d30,0x0000000787e00000)
  to   space 4608K, 0% used [0x0000000787f80000,0x0000000787f80000,0x0000000788400000)
 ParOldGen       total 25600K, used 8345K [0x0000000715e00000, 0x0000000717700000, 0x0000000787500000)
  object space 25600K, 32% used [0x0000000715e00000,0x00000007166267c8,0x0000000717700000)
 Metaspace       used 16700K, capacity 17004K, committed 17280K, reserved 1064960K
  class space    used 1802K, capacity 1890K, committed 1920K, reserved 1048576K
Event: 2443.878 GC heap after
Heap after GC invocations=4369 (full 59):
 PSYoungGen      total 9728K, used 2922K [0x0000000787500000, 0x0000000788300000, 0x00000007c0000000)
  eden space 6144K, 0% used [0x0000000787500000,0x0000000787500000,0x0000000787b00000)
  from space 3584K, 81% used [0x0000000787f80000,0x000000078825a9c0,0x0000000788300000)
  to   space 4096K, 0% used [0x0000000787b00000,0x0000000787b00000,0x0000000787f00000)
 ParOldGen       total 25600K, used 8353K [0x0000000715e00000, 0x0000000717700000, 0x0000000787500000)
  object space 25600K, 32% used [0x0000000715e00000,0x00000007166287c8,0x0000000717700000)
 Metaspace       used 16700K, capacity 17004K, committed 17280K, reserved 1064960K
  class space    used 1802K, capacity 1890K, committed 1920K, reserved 1048576K
}
Event: 2444.278 GC heap before
{Heap before GC invocations=4370 (full 59):
 PSYoungGen      total 9728K, used 8869K [0x0000000787500000, 0x0000000788300000, 0x00000007c0000000)
  eden space 6144K, 96% used [0x0000000787500000,0x0000000787acebd8,0x0000000787b00000)
  from space 3584K, 81% used [0x0000000787f80000,0x000000078825a9c0,0x0000000788300000)
  to   space 4096K, 0% used [0x0000000787b00000,0x0000000787b00000,0x0000000787f00000)
 ParOldGen       total 25600K, used 8353K [0x0000000715e00000, 0x0000000717700000, 0x0000000787500000)
  object space 25600K, 32% used [0x0000000715e00000,0x00000007166287c8,0x0000000717700000)
 Metaspace       used 16700K, capacity 17004K, committed 17280K, reserved 1064960K
  class space    used 1802K, capacity 1890K, committed 1920K, reserved 1048576K
Event: 2444.279 GC heap after
Heap after GC invocations=4370 (full 59):
 PSYoungGen      total 10240K, used 2922K [0x0000000787500000, 0x0000000788480000, 0x00000007c0000000)
  eden space 6144K, 0% used [0x0000000787500000,0x0000000787500000,0x0000000787b00000)
  from space 4096K, 71% used [0x0000000787b00000,0x0000000787dda978,0x0000000787f00000)
  to   space 4096K, 0% used [0x0000000788080000,0x0000000788080000,0x0000000788480000)
 ParOldGen       total 25600K, used 8361K [0x0000000715e00000, 0x0000000717700000, 0x0000000787500000)
  object space 25600K, 32% used [0x0000000715e00000,0x000000071662a7c8,0x0000000717700000)
 Metaspace       used 16700K, capacity 17004K, committed 17280K, reserved 1064960K
  class space    used 1802K, capacity 1890K, committed 1920K, reserved 1048576K
}
Event: 2444.676 GC heap before
{Heap before GC invocations=4371 (full 59):
 PSYoungGen      total 10240K, used 8852K [0x0000000787500000, 0x0000000788480000, 0x00000007c0000000)
  eden space 6144K, 96% used [0x0000000787500000,0x0000000787aca828,0x0000000787b00000)
  from space 4096K, 71% used [0x0000000787b00000,0x0000000787dda978,0x0000000787f00000)
  to   space 4096K, 0% used [0x0000000788080000,0x0000000788080000,0x0000000788480000)
 ParOldGen       total 25600K, used 8361K [0x0000000715e00000, 0x0000000717700000, 0x0000000787500000)
  object space 25600K, 32% used [0x0000000715e00000,0x000000071662a7c8,0x0000000717700000)
 Metaspace       used 16700K, capacity 17004K, committed 17280K, reserved 1064960K
  class space    used 1802K, capacity 1890K, committed 1920K, reserved 1048576K
Event: 2444.677 GC heap after
Heap after GC invocations=4371 (full 59):
 PSYoungGen      total 11776K, used 2922K [0x0000000787500000, 0x0000000788480000, 0x00000007c0000000)
  eden space 7680K, 0% used [0x0000000787500000,0x0000000787500000,0x0000000787c80000)
  from space 4096K, 71% used [0x0000000788080000,0x000000078835ab50,0x0000000788480000)
  to   space 4096K, 0% used [0x0000000787c80000,0x0000000787c80000,0x0000000788080000)
 ParOldGen       total 25600K, used 8377K [0x0000000715e00000, 0x0000000717700000, 0x0000000787500000)
  object space 25600K, 32% used [0x0000000715e00000,0x000000071662e7c8,0x0000000717700000)
 Metaspace       used 16700K, capacity 17004K, committed 17280K, reserved 1064960K
  class space    used 1802K, capacity 1890K, committed 1920K, reserved 1048576K
}
Event: 2445.208 GC heap before
{Heap before GC invocations=4372 (full 59):
 PSYoungGen      total 11776K, used 10602K [0x0000000787500000, 0x0000000788480000, 0x00000007c0000000)
  eden space 7680K, 100% used [0x0000000787500000,0x0000000787c80000,0x0000000787c80000)
  from space 4096K, 71% used [0x0000000788080000,0x000000078835ab50,0x0000000788480000)
  to   space 4096K, 0% used [0x0000000787c80000,0x0000000787c80000,0x0000000788080000)
 ParOldGen       total 25600K, used 8377K [0x0000000715e00000, 0x0000000717700000, 0x0000000787500000)
  object space 25600K, 32% used [0x0000000715e00000,0x000000071662e7c8,0x0000000717700000)
 Metaspace       used 16700K, capacity 17004K, committed 17280K, reserved 1064960K
  class space    used 1802K, capacity 1890K, committed 1920K, reserved 1048576K
Event: 2445.209 GC heap after
Heap after GC invocations=4372 (full 59):
 PSYoungGen      total 11776K, used 1896K [0x0000000787500000, 0x0000000788480000, 0x00000007c0000000)
  eden space 7680K, 0% used [0x0000000787500000,0x0000000787500000,0x0000000787c80000)
  from space 4096K, 46% used [0x0000000787c80000,0x0000000787e5a020,0x0000000788080000)
  to   space 4096K, 0% used [0x0000000788080000,0x0000000788080000,0x0000000788480000)
 ParOldGen       total 25600K, used 8393K [0x0000000715e00000, 0x0000000717700000, 0x0000000787500000)
  object space 25600K, 32% used [0x0000000715e00000,0x00000007166327c8,0x0000000717700000)
 Metaspace       used 16700K, capacity 17004K, committed 17280K, reserved 1064960K
  class space    used 1802K, capacity 1890K, committed 1920K, reserved 1048576K
}
Event: 2445.607 GC heap before
{Heap before GC invocations=4373 (full 59):
 PSYoungGen      total 11776K, used 9576K [0x0000000787500000, 0x0000000788480000, 0x00000007c0000000)
  eden space 7680K, 100% used [0x0000000787500000,0x0000000787c80000,0x0000000787c80000)
  from space 4096K, 46% used [0x0000000787c80000,0x0000000787e5a020,0x0000000788080000)
  to   space 4096K, 0% used [0x0000000788080000,0x0000000788080000,0x0000000788480000)
 ParOldGen       total 25600K, used 8393K [0x0000000715e00000, 0x0000000717700000, 0x0000000787500000)
  object space 25600K, 32% used [0x0000000715e00000,0x00000007166327c8,0x0000000717700000)
 Metaspace       used 16700K, capacity 17004K, committed 17280K, reserved 1064960K
  class space    used 1802K, capacity 1890K, committed 1920K, reserved 1048576K
Event: 2445.608 GC heap after
Heap after GC invocations=4373 (full 59):
 PSYoungGen      total 11264K, used 3854K [0x0000000787500000, 0x0000000788580000, 0x00000007c0000000)
  eden space 7168K, 0% used [0x0000000787500000,0x0000000787500000,0x0000000787c00000)
  from space 4096K, 94% used [0x0000000788080000,0x0000000788443a70,0x0000000788480000)
  to   space 4608K, 0% used [0x0000000787c00000,0x0000000787c00000,0x0000000788080000)
 ParOldGen       total 25600K, used 8401K [0x0000000715e00000, 0x0000000717700000, 0x0000000787500000)
  object space 25600K, 32% used [0x0000000715e00000,0x00000007166347c8,0x0000000717700000)
 Metaspace       used 16700K, capacity 17004K, committed 17280K, reserved 1064960K
  class space    used 1802K, capacity 1890K, committed 1920K, reserved 1048576K
}

